{
  "stats": {
    "suites": 1,
    "tests": 1,
    "passes": 1,
    "pending": 0,
    "failures": 0,
    "start": "2023-12-04T15:58:23.452Z",
    "end": "2023-12-04T15:59:21.945Z",
    "duration": 58493,
    "testsRegistered": 1,
    "passPercent": 100,
    "pendingPercent": 0,
    "other": 0,
    "hasOther": false,
    "skipped": 0,
    "hasSkipped": false
  },
  "results": [
    {
      "uuid": "877adfc4-af6b-4dbd-a4dc-26f79b2a6196",
      "title": "",
      "fullFile": "E:\\HCMUT\\231\\Software Testing\\project3\\testing-asm3\\test\\attemptQuiz.js",
      "file": "\\test\\attemptQuiz.js",
      "beforeHooks": [],
      "afterHooks": [],
      "tests": [],
      "suites": [
        {
          "uuid": "94763899-2a96-4dc2-8743-ec6096d97002",
          "title": "Attempt_quiz1",
          "fullFile": "E:\\HCMUT\\231\\Software Testing\\project3\\testing-asm3\\test\\attemptQuiz.js",
          "file": "\\test\\attemptQuiz.js",
          "beforeHooks": [],
          "afterHooks": [],
          "tests": [
            {
              "title": "Successfully submited quiz",
              "fullTitle": "Attempt_quiz1 Successfully submited quiz",
              "timedOut": false,
              "duration": 58428,
              "state": "passed",
              "speed": "slow",
              "pass": true,
              "fail": false,
              "pending": false,
              "context": null,
              "code": "// get the browser\nlet driver = await new Builder().forBrowser('chrome').build();\n// go to the application\nawait driver.get('https://school.moodledemo.net/login/index.php');\n// login to moodle\nvar username = driver.findElement(By.name('username'))\nvar password = driver.findElement(By.name('password'))\nvar button = driver.findElement(By.id('loginbtn'))\nawait username.sendKeys('student')\nawait password.sendKeys('moodle')\nawait button.click()\nawait driver.sleep(3000)\nbutton = await driver.findElement(By.xpath('//a[@href=\"https://school.moodledemo.net/course/view.php?id=69\"]'))\nawait button.click()\nbutton = await driver.findElement(By.xpath('//a[@href=\"https://school.moodledemo.net/mod/quiz/view.php?id=978\"]'))\nawait driver.sleep(3000)\nawait driver.actions().move({ origin: button }).perform()\nawait button.click()\nbutton = await driver.findElement(By.css('button[id^=single_button]'))\nawait button.click()\nbutton = await driver.findElement(By.id('id_submitbutton'))\nawait button.click()\nconst options = [\"23 percent of the time.\", \"Non-judgement\", \"take long, deep breaths.\", \"Spent some time each day for mindful contemplation and breathing.\", \"Keeping your past, present and future in mind all the time.\"]\nfor (i in options) {\n\tbutton = await driver.findElement(By.xpath(`//p[contains(text(), \"${options[i]}\")]`))\n\tawait button.click()\n}\nbutton = await driver.findElement(By.id(\"mod_quiz-next-nav\"))\nawait button.click()\nbutton = await driver.findElement(By.xpath('//button[contains(text(), \"Submit all and finish\")]'))\nawait button.click()\nbutton = await driver.findElement(By.css('button[data-action=\"save\"]'))\nawait button.click()\n// assert the saved changes value\nawait driver.sleep(1000);\nconst status = await driver.findElement(By.xpath('//td[contains(text(), \"Finished\")]'))\nconst state = await status.getText()\nstate.should.equal(\"Finished\")\n\ndriver.quit()",
              "err": {},
              "uuid": "d3bf4b6d-ac7f-4bb2-9f53-513644ead747",
              "parentUUID": "94763899-2a96-4dc2-8743-ec6096d97002",
              "isHook": false,
              "skipped": false
            }
          ],
          "suites": [],
          "passes": [
            "d3bf4b6d-ac7f-4bb2-9f53-513644ead747"
          ],
          "failures": [],
          "pending": [],
          "skipped": [],
          "duration": 58428,
          "root": false,
          "rootEmpty": false,
          "_timeout": 0
        }
      ],
      "passes": [],
      "failures": [],
      "pending": [],
      "skipped": [],
      "duration": 0,
      "root": true,
      "rootEmpty": true,
      "_timeout": 0
    }
  ],
  "meta": {
    "mocha": {
      "version": "10.2.0"
    },
    "mochawesome": {
      "options": {
        "quiet": false,
        "reportFilename": "mochawesome",
        "saveHtml": true,
        "saveJson": true,
        "consoleReporter": "spec",
        "useInlineDiffs": false,
        "code": true
      },
      "version": "7.1.3"
    },
    "marge": {
      "options": null,
      "version": "6.2.0"
    }
  }
}