{
  "stats": {
    "suites": 1,
    "tests": 1,
    "passes": 1,
    "pending": 0,
    "failures": 0,
    "start": "2023-12-10T15:33:13.814Z",
    "end": "2023-12-10T15:33:43.877Z",
    "duration": 30063,
    "testsRegistered": 1,
    "passPercent": 100,
    "pendingPercent": 0,
    "other": 0,
    "hasOther": false,
    "skipped": 0,
    "hasSkipped": false
  },
  "results": [
    {
      "uuid": "6d104b26-1eb6-4021-af78-a5c69578b6dc",
      "title": "",
      "fullFile": "E:\\HCMUT\\231\\Software Testing\\project3\\testing-asm3\\test\\edtProfile.js",
      "file": "\\test\\edtProfile.js",
      "beforeHooks": [],
      "afterHooks": [],
      "tests": [],
      "suites": [
        {
          "uuid": "22692368-190d-4e43-a7ca-44fb289b8e7c",
          "title": "Alternative - Session expired",
          "fullFile": "E:\\HCMUT\\231\\Software Testing\\project3\\testing-asm3\\test\\edtProfile.js",
          "file": "\\test\\edtProfile.js",
          "beforeHooks": [],
          "afterHooks": [],
          "tests": [
            {
              "title": "Successfully edited profile",
              "fullTitle": "Alternative - Session expired Successfully edited profile",
              "timedOut": false,
              "duration": 30054,
              "state": "passed",
              "speed": "slow",
              "pass": true,
              "fail": false,
              "pending": false,
              "context": null,
              "code": "// get the browser\nlet driver = await new Builder().forBrowser('chrome').build();\n// go to the application\nawait driver.get('https://school.moodledemo.net/login/index.php');\n// login to moodle\nvar username = driver.findElement(By.name('username'))\nvar password = driver.findElement(By.name('password'))\nvar button = driver.findElement(By.id('loginbtn'))\nawait username.sendKeys('teacher')\nawait password.sendKeys('moodle')\nawait button.click()\nbutton = driver.findElement(By.id('user-menu-toggle'))\nawait button.click()\nbutton = driver.findElement(By.css('a[href=\"https://school.moodledemo.net/user/profile.php\"]'))\nawait button.click()\nbutton = driver.findElement(By.css('a[href^=\"https://school.moodledemo.net/user/edit.php?id\"]'))\nawait button.click()\nawait driver.executeScript('window.open(\"about:blank\", \"_blank\");');\nconst handles = await driver.getAllWindowHandles()\nawait driver.switchTo().window(handles[1])\nawait driver.get('https://school.moodledemo.net/login/index.php')\nbutton = await driver.findElement(By.xpath('//button[contains(text(), \"Log out\")]'))\nawait button.click()\nawait driver.switchTo().window(handles[0])\nlet firstname = await driver.findElement(By.xpath('//input[@id=\"id_firstname\"]'));\nfirstname.sendKeys('a')\t\nawait driver.sleep(1000);\n// Get the value of the data-initial-value attribute\nconst new_name = await firstname.getAttribute('data-initial-value') + 'a';\nconst last = await driver.findElement(By.xpath('//input[@id=\"id_lastname\"]'))\nlast.sendKeys('')\nawait driver.sleep(1000);\n\nconst lastname = await last.getAttribute('data-initial-value')\nconst full_name = new_name + ' ' + lastname\nbutton = driver.findElement(By.id('id_submitbutton'))\nbutton.click()\nawait driver.sleep(2500)\nbutton = await driver.findElement(By.xpath('//a[contains(text(), \"Log in\")]'))\nawait button.click()\nawait driver.sleep(2500)\npassword = driver.findElement(By.name('password'))\nbutton = driver.findElement(By.id('loginbtn'))\nawait password.sendKeys('moodle')\nawait button.click()\nfirstname = await driver.findElement(By.xpath('//input[@id=\"id_firstname\"]'));\nfirstname.sendKeys('a')\t\nawait driver.sleep(1000);\nbutton = driver.findElement(By.id('id_submitbutton'))\nbutton.click()\n// assert the saved changes value\nawait driver.sleep(1000);\nconst new_username = await driver.findElement(By.xpath('//h1[@class=\"h2\"]'))\nconst change = await new_username.getText()\n\nchange.should.equal(full_name)\n\ndriver.quit()",
              "err": {},
              "uuid": "a6ca017c-7ab7-41b9-b4ec-55e8b2790656",
              "parentUUID": "22692368-190d-4e43-a7ca-44fb289b8e7c",
              "isHook": false,
              "skipped": false
            }
          ],
          "suites": [],
          "passes": [
            "a6ca017c-7ab7-41b9-b4ec-55e8b2790656"
          ],
          "failures": [],
          "pending": [],
          "skipped": [],
          "duration": 30054,
          "root": false,
          "rootEmpty": false,
          "_timeout": 0
        }
      ],
      "passes": [],
      "failures": [],
      "pending": [],
      "skipped": [],
      "duration": 0,
      "root": true,
      "rootEmpty": true,
      "_timeout": 0
    }
  ],
  "meta": {
    "mocha": {
      "version": "10.2.0"
    },
    "mochawesome": {
      "options": {
        "quiet": false,
        "reportFilename": "mochawesome",
        "saveHtml": true,
        "saveJson": true,
        "consoleReporter": "spec",
        "useInlineDiffs": false,
        "code": true
      },
      "version": "7.1.3"
    },
    "marge": {
      "options": null,
      "version": "6.2.0"
    }
  }
}