{
  "stats": {
    "suites": 1,
    "tests": 1,
    "passes": 0,
    "pending": 0,
    "failures": 1,
    "start": "2023-12-10T12:11:03.497Z",
    "end": "2023-12-10T12:11:29.933Z",
    "duration": 26436,
    "testsRegistered": 1,
    "passPercent": 0,
    "pendingPercent": 0,
    "other": 1,
    "hasOther": true,
    "skipped": 0,
    "hasSkipped": false
  },
  "results": [
    {
      "uuid": "0931fddb-1fe1-4c75-b37b-d6cc0b3d7231",
      "title": "",
      "fullFile": "E:\\testing\\asm3\\test\\TC-004.js",
      "file": "\\test\\TC-004.js",
      "beforeHooks": [],
      "afterHooks": [],
      "tests": [],
      "suites": [
        {
          "uuid": "c173952f-450e-46db-b246-496b86283c4b",
          "title": "MicrosoftEdge: Teacher create a new event",
          "fullFile": "E:\\testing\\asm3\\test\\TC-004.js",
          "file": "\\test\\TC-004.js",
          "beforeHooks": [
            {
              "title": "\"before each\" hook in \"MicrosoftEdge: Teacher create a new event\"",
              "fullTitle": "MicrosoftEdge: Teacher create a new event \"before each\" hook in \"MicrosoftEdge: Teacher create a new event\"",
              "timedOut": false,
              "duration": 11914,
              "state": null,
              "speed": null,
              "pass": false,
              "fail": false,
              "pending": false,
              "context": null,
              "code": "// const chromeOptions = new chrome.Options().headless();\ndriver = await new Builder()\n\t.forBrowser(browserName)\n\t// .setChromeOptions(chromeOptions)\n\t.build();\ndriver.manage().window().maximize();\ndriver.manage().setTimeouts({ implicit: 4000 });\nvars = {};\nawait login(driver, 'teacher');",
              "err": {},
              "uuid": "8fa9c142-2170-4475-b5f5-e70a86324210",
              "parentUUID": "c173952f-450e-46db-b246-496b86283c4b",
              "isHook": true,
              "skipped": false
            }
          ],
          "afterHooks": [
            {
              "title": "\"after each\" hook for \"TC-004-003: Create course event with duration left empty\"",
              "fullTitle": "MicrosoftEdge: Teacher create a new event \"after each\" hook for \"TC-004-003: Create course event with duration left empty\"",
              "timedOut": false,
              "duration": 1099,
              "state": "failed",
              "speed": null,
              "pass": false,
              "fail": true,
              "pending": false,
              "context": null,
              "code": "await logout(driver);\nawait driver.quit();",
              "err": {
                "message": "ElementClickInterceptedError: element click intercepted: Element <a href=\"#\" role=\"button\" id=\"user-menu-toggle\" data-toggle=\"dropdown\" aria-label=\"User menu\" aria-haspopup=\"true\" aria-controls=\"user-action-menu\" class=\"btn dropdown-toggle\">...</a> is not clickable at point (1286, 30). Other element would receive the click: <div class=\"modal moodle-has-zindex show\" data-region=\"modal-container\" role=\"dialog\" aria-labelledby=\"1-modal-title\" tabindex=\"-1\" id=\"yui_3_18_1_1_1702210276092_88\" style=\"z-index: 1052;\">...</div>\n  (Session info: MicrosoftEdge=120.0.2210.61)",
                "estack": "ElementClickInterceptedError: element click intercepted: Element <a href=\"#\" role=\"button\" id=\"user-menu-toggle\" data-toggle=\"dropdown\" aria-label=\"User menu\" aria-haspopup=\"true\" aria-controls=\"user-action-menu\" class=\"btn dropdown-toggle\">...</a> is not clickable at point (1286, 30). Other element would receive the click: <div class=\"modal moodle-has-zindex show\" data-region=\"modal-container\" role=\"dialog\" aria-labelledby=\"1-modal-title\" tabindex=\"-1\" id=\"yui_3_18_1_1_1702210276092_88\" style=\"z-index: 1052;\">...</div>\n  (Session info: MicrosoftEdge=120.0.2210.61)\n    at Object.throwDecodedError (node_modules\\selenium-webdriver\\lib\\error.js:524:15)\n    at parseHttpResponse (node_modules\\selenium-webdriver\\lib\\http.js:601:13)\n    at Executor.execute (node_modules\\selenium-webdriver\\lib\\http.js:529:28)\n    at process.processTicksAndRejections (node:internal/process/task_queues:95:5)\n    at async Driver.execute (node_modules\\selenium-webdriver\\lib\\webdriver.js:745:17)\n    at async exports.logout (utils\\test\\index.js:14:2)\n    at async Context.<anonymous> (test\\TC-004.js:28:4)",
                "diff": null
              },
              "uuid": "ee5b875e-233a-45d9-a398-9f24dae8ef3f",
              "parentUUID": "c173952f-450e-46db-b246-496b86283c4b",
              "isHook": true,
              "skipped": false
            }
          ],
          "tests": [
            {
              "title": "TC-004-003: Create course event with duration left empty",
              "fullTitle": "MicrosoftEdge: Teacher create a new event TC-004-003: Create course event with duration left empty",
              "timedOut": false,
              "duration": 13417,
              "state": "failed",
              "speed": null,
              "pass": false,
              "fail": true,
              "pending": false,
              "context": null,
              "code": "const data = {\n\tevent_title: 'Class Meeting',\n\tevent: {\n\t\ttype: EventType.COURSE,\n\t\tcourse_name: 'Effective Memory Techniques',\n\t},\n\ttimeout_duration: null,\n};\nconst assertClause = async () => {\n\tawait driver.sleep(4000);\n\tconst elements = await driver.findElements(\n\t\tBy.id('fgroup_id_error_durationgroup')\n\t);\n\telements.to.be.an('array').that.is.not.empty;\n\tconst text = await elements[0].getText();\n\ttext.should.to.equal(\n\t\t'The duration in minutes you have entered is invalid. Please enter the duration in minutes greater than 0 or select no duration.'\n\t);\n\tawait driver\n\t\t.findElement(By.css(\"button[data-action='hide']\"))\n\t\t.click();\n};\nawait createEventTemplate(data, assertClause);",
              "err": {
                "message": "TypeError: Cannot read properties of undefined (reading 'be')",
                "estack": "TypeError: Cannot read properties of undefined (reading 'be')\n    at assertClause (test\\TC-004.js:72:17)\n    at process.processTicksAndRejections (node:internal/process/task_queues:95:5)\n    at async createEventTemplate (test\\TC-004.js:511:4)\n    at async Context.<anonymous> (test\\TC-004.js:82:4)",
                "diff": null
              },
              "uuid": "5b9e6551-cfc8-4cf0-b9e6-8555092d16a9",
              "parentUUID": "c173952f-450e-46db-b246-496b86283c4b",
              "isHook": false,
              "skipped": false
            }
          ],
          "suites": [],
          "passes": [],
          "failures": [
            "5b9e6551-cfc8-4cf0-b9e6-8555092d16a9"
          ],
          "pending": [],
          "skipped": [],
          "duration": 13417,
          "root": false,
          "rootEmpty": false,
          "_timeout": 0
        }
      ],
      "passes": [],
      "failures": [],
      "pending": [],
      "skipped": [],
      "duration": 0,
      "root": true,
      "rootEmpty": true,
      "_timeout": 0
    }
  ],
  "meta": {
    "mocha": {
      "version": "10.2.0"
    },
    "mochawesome": {
      "options": {
        "quiet": false,
        "reportFilename": "mochawesome",
        "saveHtml": true,
        "saveJson": true,
        "consoleReporter": "spec",
        "useInlineDiffs": false,
        "code": true
      },
      "version": "7.1.3"
    },
    "marge": {
      "options": null,
      "version": "6.2.0"
    }
  }
}