{
  "stats": {
    "suites": 1,
    "tests": 1,
    "passes": 1,
    "pending": 0,
    "failures": 0,
    "start": "2023-12-10T11:02:09.738Z",
    "end": "2023-12-10T11:03:11.854Z",
    "duration": 62116,
    "testsRegistered": 1,
    "passPercent": 100,
    "pendingPercent": 0,
    "other": 0,
    "hasOther": false,
    "skipped": 0,
    "hasSkipped": false
  },
  "results": [
    {
      "uuid": "7f8a3efe-a8b4-4075-9d8f-774d1b733a5d",
      "title": "",
      "fullFile": "E:\\Software Testing\\Project 3\\testing-asm3\\test\\gradeAssignment.js",
      "file": "\\test\\gradeAssignment.js",
      "beforeHooks": [],
      "afterHooks": [],
      "tests": [],
      "suites": [
        {
          "uuid": "23702534-0b77-4353-be29-e379fd78cbe9",
          "title": "chrome: Testing moodle 5 ",
          "fullFile": "E:\\Software Testing\\Project 3\\testing-asm3\\test\\gradeAssignment.js",
          "file": "\\test\\gradeAssignment.js",
          "beforeHooks": [
            {
              "title": "\"before each\" hook in \"chrome: Testing moodle 5 \"",
              "fullTitle": "chrome: Testing moodle 5  \"before each\" hook in \"chrome: Testing moodle 5 \"",
              "timedOut": false,
              "duration": 30293,
              "state": null,
              "speed": null,
              "pass": false,
              "fail": false,
              "pending": false,
              "context": null,
              "code": "driver = await new Builder().forBrowser(browsername).build()\n// driver = await new Builder().forBrowser('MicrosoftEdge').build()\nvars = {}\n/****************** SETUP TEST CASE ******************************/\nawait driver.get(\"https://school.moodledemo.net/login/index.php\")\nawait driver.findElement(By.id(\"username\")).click()\nawait driver.findElement(By.id(\"username\")).sendKeys(\"student\")\nawait driver.findElement(By.id(\"password\")).click()\nawait driver.findElement(By.id(\"password\")).sendKeys(\"moodle\")\nawait driver.findElement(By.id(\"loginbtn\")).click()\nawait driver.wait(until.elementsLocated(By.xpath('(//a[@href=\"https://school.moodledemo.net/course/view.php?id=71\"])')), 5000)\nlet course = await driver.findElement(By.xpath('(//a[@href=\"https://school.moodledemo.net/course/view.php?id=71\"])'))\nawait course.click()\nawait driver.get(\"https://school.moodledemo.net/course/view.php?id=71\")\nawait driver.manage().window().maximize()\n{\n    const elements = await driver.findElements(By.linkText(\"End of course summative assignment\"))\n    assert(elements.length)\n}\nawait driver.findElement(By.linkText(\"End of course summative assignment\")).click()\nawait driver.findElement(By.xpath(\"//section[@id=\\'region-main\\']/div[2]/div/div/div/div/form/button\")).click()\nawait driver.executeScript('window.scrollBy(0, 1000);');\nawait driver.sleep(5000)\n\nawait driver.switchTo().frame(0)\nconst submitAnswer = await driver.findElement(By.id(\"tinymce\"))\nawait submitAnswer.sendKeys('Submit')\nawait driver.switchTo().defaultContent()\nawait driver.findElement(By.id(\"id_submitbutton\")).click()\nconst toogle = await driver.findElement(By.id(\"user-menu-toggle\"))\nawait toogle.click()\nconst logoutButton = await driver.findElement(By.linkText(\"Log out\"))\nawait logoutButton.click()\nawait driver.findElement(By.linkText(\"Log in\")).click()\nlet teacherLogin = await driver.findElement(By.id(\"username\"))\nawait teacherLogin.clear()\nawait teacherLogin.sendKeys(\"teacher\")\nawait driver.findElement(By.id(\"password\")).click()\nawait driver.findElement(By.id(\"password\")).sendKeys(\"moodle\")\nawait driver.findElement(By.id(\"loginbtn\")).click()",
              "err": {},
              "uuid": "5db70711-5fd8-4345-8754-b696c27feee9",
              "parentUUID": "23702534-0b77-4353-be29-e379fd78cbe9",
              "isHook": true,
              "skipped": false
            }
          ],
          "afterHooks": [
            {
              "title": "\"after each\" hook in \"chrome: Testing moodle 5 \"",
              "fullTitle": "chrome: Testing moodle 5  \"after each\" hook in \"chrome: Testing moodle 5 \"",
              "timedOut": false,
              "duration": 2572,
              "state": null,
              "speed": null,
              "pass": false,
              "fail": false,
              "pending": false,
              "context": null,
              "code": "const linkAssignment = await driver.findElement(By.linkText(\"Assignment: End of course summative assignment\"))\nawait linkAssignment.click()\nconst toogle = await driver.findElement(By.id(\"user-menu-toggle\"))\nawait toogle.click()\nconst logoutButton = await driver.findElement(By.linkText(\"Log out\"))\nawait logoutButton.click()\nawait driver.quit();",
              "err": {},
              "uuid": "75a4f8ba-e15f-4282-bcb9-58b205c8bc36",
              "parentUUID": "23702534-0b77-4353-be29-e379fd78cbe9",
              "isHook": true,
              "skipped": false
            }
          ],
          "tests": [
            {
              "title": "Testing moodle 5.4 - Alternative Flow - invalid score",
              "fullTitle": "chrome: Testing moodle 5  Testing moodle 5.4 - Alternative Flow - invalid score",
              "timedOut": false,
              "duration": 29244,
              "state": "passed",
              "speed": "slow",
              "pass": true,
              "fail": false,
              "pending": false,
              "context": null,
              "code": "await driver.wait(until.elementsLocated(By.xpath('(//a[@href=\"https://school.moodledemo.net/course/view.php?id=71\"])')), 5000)\n        let course = await driver.findElement(By.xpath('(//a[@href=\"https://school.moodledemo.net/course/view.php?id=71\"])'))\n        await course.click()\n        await driver.get(\"https://school.moodledemo.net/course/view.php?id=71\")\n        await driver.manage().window().maximize()\n        {\n            const elements = await driver.findElements(By.linkText(\"End of course summative assignment\"))\n            assert(elements.length)\n        }\n        await driver.findElement(By.linkText(\"End of course summative assignment\")).click()\n        await driver.findElement(By.linkText(\"View all submissions\")).click()\n        {\n            const elements = await driver.findElements(By.css(\".submissionstatussubmitted\"))\n            assert(elements.length)\n        }\n\n        await driver.findElement(By.css(\"#mod_assign_grading-1833_r12_c5 > .btn\")).click()\n        await driver.sleep(5000)\n        await driver.wait(until.elementsLocated(By.id(\"id_grade\")), 5000)\n        let inputGrade = await driver.findElement(By.id(\"id_grade\"))\n        await inputGrade.click()\n        await inputGrade.sendKeys(\"Good job\")\n        await driver.findElement(By.name(\"savechanges\")).click()\n        await driver.sleep(5000)\n        assert(await driver.findElement(By.id(\"id_error_grade\")).getText() == \"The grade provided could not be understood: Good job\")\n        await driver.findElement(By.xpath(\"//section/div[2]/div[3]\")).click()\n        await driver.sleep(3000)\n        await driver.wait(until.elementsLocated(By.id(\"id_grade\")), 5000)\n        const clearoldScore = await driver.findElement(By.id(\"id_grade\"))\n        await clearoldScore.clear()\n        await clearoldScore.sendKeys(\"80.00\")\n        await driver.findElement(By.name(\"savechanges\")).click()\n        await driver.sleep(5000)\n        {\n            const elements = await driver.findElements(By.linkText(\"80.00\"))\n            assert(elements.length)\n        }",
              "err": {},
              "uuid": "7389bfdb-8712-4590-a2e3-69da339c06ad",
              "parentUUID": "23702534-0b77-4353-be29-e379fd78cbe9",
              "isHook": false,
              "skipped": false
            }
          ],
          "suites": [],
          "passes": [
            "7389bfdb-8712-4590-a2e3-69da339c06ad"
          ],
          "failures": [],
          "pending": [],
          "skipped": [],
          "duration": 29244,
          "root": false,
          "rootEmpty": false,
          "_timeout": 60000
        }
      ],
      "passes": [],
      "failures": [],
      "pending": [],
      "skipped": [],
      "duration": 0,
      "root": true,
      "rootEmpty": true,
      "_timeout": 0
    }
  ],
  "meta": {
    "mocha": {
      "version": "10.2.0"
    },
    "mochawesome": {
      "options": {
        "quiet": false,
        "reportFilename": "mochawesome",
        "saveHtml": true,
        "saveJson": true,
        "consoleReporter": "spec",
        "useInlineDiffs": false,
        "code": true
      },
      "version": "7.1.3"
    },
    "marge": {
      "options": null,
      "version": "6.2.0"
    }
  }
}