{
  "stats": {
    "suites": 1,
    "tests": 1,
    "passes": 0,
    "pending": 0,
    "failures": 1,
    "start": "2023-12-10T13:12:24.208Z",
    "end": "2023-12-10T13:12:37.414Z",
    "duration": 13206,
    "testsRegistered": 17,
    "passPercent": 0,
    "pendingPercent": 0,
    "other": 1,
    "hasOther": true,
    "skipped": 16,
    "hasSkipped": true
  },
  "results": [
    {
      "uuid": "c0203da1-06fd-4bad-9dc9-092a2b516248",
      "title": "",
      "fullFile": "E:\\testing\\asm3\\test\\TC-004.js",
      "file": "\\test\\TC-004.js",
      "beforeHooks": [],
      "afterHooks": [],
      "tests": [],
      "suites": [
        {
          "uuid": "04a69645-be3e-46eb-9d8f-53ba93182eea",
          "title": "chrome: Teacher create a new event",
          "fullFile": "E:\\testing\\asm3\\test\\TC-004.js",
          "file": "\\test\\TC-004.js",
          "beforeHooks": [
            {
              "title": "\"before each\" hook in \"chrome: Teacher create a new event\"",
              "fullTitle": "chrome: Teacher create a new event \"before each\" hook in \"chrome: Teacher create a new event\"",
              "timedOut": false,
              "duration": 8308,
              "state": null,
              "speed": null,
              "pass": false,
              "fail": false,
              "pending": false,
              "context": null,
              "code": "const chromeOptions = new chrome.Options().headless();\ndriver = await new Builder()\n\t.forBrowser(browserName)\n\t// .setChromeOptions(chromeOptions)\n\t.build();\ndriver.manage().window().maximize();\ndriver.manage().setTimeouts({ implicit: 4000 });\nvars = {};\nawait login(driver, 'teacher');",
              "err": {},
              "uuid": "308c29e3-7160-420b-840b-bb5a0e8aeb72",
              "parentUUID": "04a69645-be3e-46eb-9d8f-53ba93182eea",
              "isHook": true,
              "skipped": false
            }
          ],
          "afterHooks": [
            {
              "title": "\"after each\" hook for \"TC-004-001: Create event without title\"",
              "fullTitle": "chrome: Teacher create a new event \"after each\" hook for \"TC-004-001: Create event without title\"",
              "timedOut": false,
              "duration": 873,
              "state": "failed",
              "speed": null,
              "pass": false,
              "fail": true,
              "pending": false,
              "context": null,
              "code": "await logout(driver);\nawait driver.quit();",
              "err": {
                "message": "NoSuchWindowError: no such window: target window already closed\nfrom unknown error: web view not found\n  (Session info: chrome=120.0.6099.71)",
                "estack": "NoSuchWindowError: no such window: target window already closed\nfrom unknown error: web view not found\n  (Session info: chrome=120.0.6099.71)\n    at Object.throwDecodedError (node_modules\\selenium-webdriver\\lib\\error.js:524:15)\n    at parseHttpResponse (node_modules\\selenium-webdriver\\lib\\http.js:601:13)\n    at Executor.execute (node_modules\\selenium-webdriver\\lib\\http.js:529:28)\n    at process.processTicksAndRejections (node:internal/process/task_queues:95:5)\n    at async Driver.execute (node_modules\\selenium-webdriver\\lib\\webdriver.js:745:17)\n    at async Driver.findElements (node_modules\\selenium-webdriver\\lib\\webdriver.js:1089:17)",
                "diff": null
              },
              "uuid": "b029d231-a4fc-474a-aead-491a3c9b625d",
              "parentUUID": "04a69645-be3e-46eb-9d8f-53ba93182eea",
              "isHook": true,
              "skipped": false
            }
          ],
          "tests": [
            {
              "title": "TC-004-001: Create event without title",
              "fullTitle": "chrome: Teacher create a new event TC-004-001: Create event without title",
              "timedOut": false,
              "duration": 4015,
              "state": "failed",
              "speed": null,
              "pass": false,
              "fail": true,
              "pending": false,
              "context": null,
              "code": "const assertClause = async () => {\n\tconst elements = await driver.findElements(\n\t\tBy.id('id_error_name')\n\t);\n\telements.should.to.be.not.empty;\n\tawait driver\n\t\t.findElement(By.css(\"button[data-action='hide']\"))\n\t\t.click();\n};\nawait createEventTemplate(\n\t{ event: { type: EventType.USER } },\n\tassertClause\n);",
              "err": {
                "message": "NoSuchElementError: no such element: Unable to locate element: {\"method\":\"xpath\",\"selector\":\"//a[contains(text(),'Dashboard')]\"}\n  (Session info: chrome=120.0.6099.71)",
                "estack": "NoSuchElementError: no such element: Unable to locate element: {\"method\":\"xpath\",\"selector\":\"//a[contains(text(),'Dashboard')]\"}\n  (Session info: chrome=120.0.6099.71)\n    at Object.throwDecodedError (node_modules\\selenium-webdriver\\lib\\error.js:524:15)\n    at parseHttpResponse (node_modules\\selenium-webdriver\\lib\\http.js:601:13)\n    at Executor.execute (node_modules\\selenium-webdriver\\lib\\http.js:529:28)\n    at process.processTicksAndRejections (node:internal/process/task_queues:95:5)\n    at async Driver.execute (node_modules\\selenium-webdriver\\lib\\webdriver.js:745:17)\n    at async toWireValue (node_modules\\selenium-webdriver\\lib\\webdriver.js:145:15)\n    at async E:\\testing\\asm3\\node_modules\\selenium-webdriver\\lib\\webdriver.js:195:16\n    at async forEachKey (node_modules\\selenium-webdriver\\lib\\webdriver.js:189:9)\n    at async convertKeys (node_modules\\selenium-webdriver\\lib\\webdriver.js:194:3)\n    at async Driver.execute (node_modules\\selenium-webdriver\\lib\\webdriver.js:743:22)\n    at async createEventTemplate (test\\TC-004.js:294:4)\n    at async Context.<anonymous> (test\\TC-004.js:41:4)",
                "diff": null
              },
              "uuid": "d04d97af-4db5-43d8-8206-1881cd9378ea",
              "parentUUID": "04a69645-be3e-46eb-9d8f-53ba93182eea",
              "isHook": false,
              "skipped": false
            },
            {
              "title": "TC-004-002: Create course event with valid duration",
              "fullTitle": "chrome: Teacher create a new event TC-004-002: Create course event with valid duration",
              "timedOut": false,
              "duration": 0,
              "state": null,
              "speed": null,
              "pass": false,
              "fail": false,
              "pending": false,
              "context": null,
              "code": "const data = {\n\tevent_title: 'Class Meeting',\n\tevent: {\n\t\ttype: EventType.COURSE,\n\t\tcourse_name: 'Effective Memory Techniques',\n\t},\n\ttimeout_duration: 30,\n};\nawait createEventTemplate(data, assertEventCreated);",
              "err": {},
              "uuid": "9244eb38-2d11-4b46-b28e-a1ff1d43c5ee",
              "parentUUID": "04a69645-be3e-46eb-9d8f-53ba93182eea",
              "isHook": false,
              "skipped": true
            },
            {
              "title": "TC-004-003: Create course event with duration left empty",
              "fullTitle": "chrome: Teacher create a new event TC-004-003: Create course event with duration left empty",
              "timedOut": false,
              "duration": 0,
              "state": null,
              "speed": null,
              "pass": false,
              "fail": false,
              "pending": false,
              "context": null,
              "code": "const data = {\n\tevent_title: 'Class Meeting',\n\tevent: {\n\t\ttype: EventType.COURSE,\n\t\tcourse_name: 'Effective Memory Techniques',\n\t},\n\ttimeout_duration: null,\n};\nconst assertClause = async () => {\n\tconst elements = await driver.findElements(\n\t\tBy.id('fgroup_id_error_durationgroup')\n\t);\n\telements.should.be.an('array').that.is.not.empty;\n\tconst text = await elements[0].getText();\n\ttext.should.to.equal(\n\t\t'The duration in minutes you have entered is invalid. Please enter the duration in minutes greater than 0 or select no duration.'\n\t);\n\tawait driver\n\t\t.findElement(By.css(\"button[data-action='hide']\"))\n\t\t.click();\n};\nawait createEventTemplate(data, assertClause);",
              "err": {},
              "uuid": "deac4925-ee4c-4c0e-a539-86ee4a5b488d",
              "parentUUID": "04a69645-be3e-46eb-9d8f-53ba93182eea",
              "isHook": false,
              "skipped": true
            },
            {
              "title": "TC-004-004: Create course event without duration",
              "fullTitle": "chrome: Teacher create a new event TC-004-004: Create course event without duration",
              "timedOut": false,
              "duration": 0,
              "state": null,
              "speed": null,
              "pass": false,
              "fail": false,
              "pending": false,
              "context": null,
              "code": "const data = {\n\tevent_title: 'Class Meeting',\n\tevent: {\n\t\ttype: EventType.COURSE,\n\t\tcourse_name: 'Effective Memory Techniques',\n\t},\n};\nawait createEventTemplate(data, assertEventCreated);",
              "err": {},
              "uuid": "9ef93343-d71c-411f-9717-4d0938f314b5",
              "parentUUID": "04a69645-be3e-46eb-9d8f-53ba93182eea",
              "isHook": false,
              "skipped": true
            },
            {
              "title": "TC-004-005: Create a course event without course selection",
              "fullTitle": "chrome: Teacher create a new event TC-004-005: Create a course event without course selection",
              "timedOut": false,
              "duration": 0,
              "state": null,
              "speed": null,
              "pass": false,
              "fail": false,
              "pending": false,
              "context": null,
              "code": "const data = {\n\tevent_title: 'Class Meeting',\n\tevent: {\n\t\ttype: EventType.COURSE,\n\t\tcourse_name: null,\n\t},\n};\nconst assertClause = async () => {\n\tconst elements = await driver.findElements(\n\t\tBy.xpath('//*[@id=\"id_error_courseid\"]')\n\t);\n\telements.should.be.an('array').that.is.not.empty;\n\t(\n\t\tawait driver\n\t\t\t.findElement(By.id('id_error_courseid'))\n\t\t\t.getText()\n\t).should.be\n\t\t.a('string')\n\t\t.that.is.equal('Select a course');\n\tawait driver\n\t\t.findElement(By.css(\"button[data-action='hide']\"))\n\t\t.click();\n};\nawait createEventTemplate(data, assertClause);",
              "err": {},
              "uuid": "19c39ed9-ba8d-4575-80e0-be28df4fdd5f",
              "parentUUID": "04a69645-be3e-46eb-9d8f-53ba93182eea",
              "isHook": false,
              "skipped": true
            },
            {
              "title": "TC-004-006: Create a group event with duration",
              "fullTitle": "chrome: Teacher create a new event TC-004-006: Create a group event with duration",
              "timedOut": false,
              "duration": 0,
              "state": null,
              "speed": null,
              "pass": false,
              "fail": false,
              "pending": false,
              "context": null,
              "code": "const data = {\n\tevent_title: 'Class Meeting',\n\tevent: {\n\t\ttype: EventType.GROUP,\n\t\tcourse_name: 'Effective Memory Techniques',\n\t\tgroup_name: 'the RAMs',\n\t},\n\ttimeout_duration: 30,\n};\nawait createEventTemplate(data, assertEventCreated);",
              "err": {},
              "uuid": "eb8b4d02-e9be-4dfb-a34e-bc84f6b394b6",
              "parentUUID": "04a69645-be3e-46eb-9d8f-53ba93182eea",
              "isHook": false,
              "skipped": true
            },
            {
              "title": "TC-004-007: Create group event with duration left empty",
              "fullTitle": "chrome: Teacher create a new event TC-004-007: Create group event with duration left empty",
              "timedOut": false,
              "duration": 0,
              "state": null,
              "speed": null,
              "pass": false,
              "fail": false,
              "pending": false,
              "context": null,
              "code": "const data = {\n\tevent_title: 'Class Meeting',\n\tevent: {\n\t\ttype: EventType.GROUP,\n\t\tcourse_name: 'Effective Memory Techniques',\n\t\tgroup_name: 'the RAMs',\n\t},\n\ttimeout_duration: null,\n};\nconst assertClause = async () => {\n\tconst elements = await driver.findElements(\n\t\tBy.id('fgroup_id_error_durationgroup')\n\t);\n\telements.should.be.an('array').that.is.not.empty;\n\t(await elements[0].getText()).should.to.be.equal(\n\t\t'The duration in minutes you have entered is invalid. Please enter the duration in minutes greater than 0 or select no duration.'\n\t);\n\tawait driver\n\t\t.findElement(By.css(\"button[data-action='hide']\"))\n\t\t.click();\n};\nawait createEventTemplate(data, assertClause);",
              "err": {},
              "uuid": "14f90f74-3b1a-4d35-86c1-7f0c2110e629",
              "parentUUID": "04a69645-be3e-46eb-9d8f-53ba93182eea",
              "isHook": false,
              "skipped": true
            },
            {
              "title": "TC-004-008: Create group event without duration",
              "fullTitle": "chrome: Teacher create a new event TC-004-008: Create group event without duration",
              "timedOut": false,
              "duration": 0,
              "state": null,
              "speed": null,
              "pass": false,
              "fail": false,
              "pending": false,
              "context": null,
              "code": "const data = {\n\tevent_title: 'Class Meeting',\n\tevent: {\n\t\ttype: EventType.GROUP,\n\t\tcourse_name: 'Effective Memory Techniques',\n\t\tgroup_name: 'the RAMs',\n\t},\n};\nawait createEventTemplate(data, assertEventCreated);",
              "err": {},
              "uuid": "62d1fa8b-703b-4f4d-94be-2bf2bb02c01d",
              "parentUUID": "04a69645-be3e-46eb-9d8f-53ba93182eea",
              "isHook": false,
              "skipped": true
            },
            {
              "title": "TC-004-009: Create a group event without course selection",
              "fullTitle": "chrome: Teacher create a new event TC-004-009: Create a group event without course selection",
              "timedOut": false,
              "duration": 0,
              "state": null,
              "speed": null,
              "pass": false,
              "fail": false,
              "pending": false,
              "context": null,
              "code": "const data = {\n\tevent_title: 'Class Meeting',\n\tevent: {\n\t\ttype: EventType.GROUP,\n\t},\n};\nconst assertClause = async () => {\n\tconst elements = await driver.findElements(\n\t\tBy.xpath('//*[@id=\"id_error_groupcourseid\"]')\n\t);\n\telements.should.be.an('array').that.is.not.empty;\n\t(\n\t\tawait driver\n\t\t\t.findElement(By.id('id_error_groupcourseid'))\n\t\t\t.getText()\n\t).should.be\n\t\t.a('string')\n\t\t.that.equal('Select a course');\n\tawait driver\n\t\t.findElement(By.css(\"button[data-action='hide']\"))\n\t\t.click();\n};\nawait createEventTemplate(data, assertClause);",
              "err": {},
              "uuid": "b4b49f9f-e502-4f76-81a4-78b49265e2db",
              "parentUUID": "04a69645-be3e-46eb-9d8f-53ba93182eea",
              "isHook": false,
              "skipped": true
            },
            {
              "title": "TC-004-010: Create a group event without group selection",
              "fullTitle": "chrome: Teacher create a new event TC-004-010: Create a group event without group selection",
              "timedOut": false,
              "duration": 0,
              "state": null,
              "speed": null,
              "pass": false,
              "fail": false,
              "pending": false,
              "context": null,
              "code": "const data = {\n\tevent_title: 'Class Meeting',\n\tevent: {\n\t\ttype: EventType.GROUP,\n\t\tcourse_name: 'Effective Memory Techniques',\n\t\tgroup_name: null,\n\t},\n};\nawait createEventTemplate(data, assertEventCreated);",
              "err": {},
              "uuid": "ec282537-7933-4630-a776-81164a27959f",
              "parentUUID": "04a69645-be3e-46eb-9d8f-53ba93182eea",
              "isHook": false,
              "skipped": true
            },
            {
              "title": "TC-004-011: Create a user event with duration",
              "fullTitle": "chrome: Teacher create a new event TC-004-011: Create a user event with duration",
              "timedOut": false,
              "duration": 0,
              "state": null,
              "speed": null,
              "pass": false,
              "fail": false,
              "pending": false,
              "context": null,
              "code": "const data = {\n\tevent_title: 'Class Meeting',\n\tevent: {\n\t\ttype: EventType.USER,\n\t},\n\ttimeout_duration: 30,\n};\nawait createEventTemplate(data, assertEventCreated);",
              "err": {},
              "uuid": "e89c2755-3baf-4674-b9c5-92871f4e0612",
              "parentUUID": "04a69645-be3e-46eb-9d8f-53ba93182eea",
              "isHook": false,
              "skipped": true
            },
            {
              "title": "TC-004-012: Create a user event with invalid duration",
              "fullTitle": "chrome: Teacher create a new event TC-004-012: Create a user event with invalid duration",
              "timedOut": false,
              "duration": 0,
              "state": null,
              "speed": null,
              "pass": false,
              "fail": false,
              "pending": false,
              "context": null,
              "code": "const data = {\n\tevent_title: 'Class Meeting',\n\tevent: {\n\t\ttype: EventType.USER,\n\t},\n\ttimeout_duration: null,\n};\nconst assertClause = async () => {\n\tconst elements = await driver.findElements(\n\t\tBy.id('fgroup_id_error_durationgroup')\n\t);\n\telements.should.be.an('array').that.is.not.empty;\n\t(await elements[0].getText()).should.be\n\t\t.a('string')\n\t\t.that.is.equal(\n\t\t\t'The duration in minutes you have entered is invalid. Please enter the duration in minutes greater than 0 or select no duration.'\n\t\t);\n\tawait driver\n\t\t.findElement(By.css(\"button[data-action='hide']\"))\n\t\t.click();\n};\nawait createEventTemplate(data, assertClause);",
              "err": {},
              "uuid": "1baa6468-c2a4-48d8-8239-f7022fcd9f54",
              "parentUUID": "04a69645-be3e-46eb-9d8f-53ba93182eea",
              "isHook": false,
              "skipped": true
            },
            {
              "title": "TC-004-013: Create a user event without duration",
              "fullTitle": "chrome: Teacher create a new event TC-004-013: Create a user event without duration",
              "timedOut": false,
              "duration": 0,
              "state": null,
              "speed": null,
              "pass": false,
              "fail": false,
              "pending": false,
              "context": null,
              "code": "const data = {\n\tevent_title: 'Class Meeting',\n\tevent: {\n\t\ttype: EventType.USER,\n\t},\n\ttimeout_duration: null,\n};\nawait createEventTemplate(data, assertEventCreated);",
              "err": {},
              "uuid": "f962f29c-dc3d-4dc0-9759-7d2c40eb4609",
              "parentUUID": "04a69645-be3e-46eb-9d8f-53ba93182eea",
              "isHook": false,
              "skipped": true
            },
            {
              "title": "TC-004-014: Create user event with invalid repeat times",
              "fullTitle": "chrome: Teacher create a new event TC-004-014: Create user event with invalid repeat times",
              "timedOut": false,
              "duration": 0,
              "state": null,
              "speed": null,
              "pass": false,
              "fail": false,
              "pending": false,
              "context": null,
              "code": "const data = {\n\tevent_title: 'Class Meeting',\n\tevent: {\n\t\ttype: EventType.USER,\n\t},\n\trepeat_times: '-1',\n};\nawait createEventTemplate(data, assertRepeatTimes(0));",
              "err": {},
              "uuid": "46021eb3-5a0d-46ba-a65c-5f0641f24a3e",
              "parentUUID": "04a69645-be3e-46eb-9d8f-53ba93182eea",
              "isHook": false,
              "skipped": true
            },
            {
              "title": "TC-004-015: Create user event with valid repeat times",
              "fullTitle": "chrome: Teacher create a new event TC-004-015: Create user event with valid repeat times",
              "timedOut": false,
              "duration": 0,
              "state": null,
              "speed": null,
              "pass": false,
              "fail": false,
              "pending": false,
              "context": null,
              "code": "const data = {\n\tevent_title: 'Class Meeting',\n\tevent: {\n\t\ttype: EventType.USER,\n\t},\n\trepeat_times: '2',\n};\nawait createEventTemplate(data, assertRepeatTimes(1));",
              "err": {},
              "uuid": "63e98200-79b5-4447-b764-5226aab5ceaf",
              "parentUUID": "04a69645-be3e-46eb-9d8f-53ba93182eea",
              "isHook": false,
              "skipped": true
            },
            {
              "title": "TC-004-016: Create user event with negative numeric duration with no separator",
              "fullTitle": "chrome: Teacher create a new event TC-004-016: Create user event with negative numeric duration with no separator",
              "timedOut": false,
              "duration": 0,
              "state": null,
              "speed": null,
              "pass": false,
              "fail": false,
              "pending": false,
              "context": null,
              "code": "const data = {\n\tevent_title: 'Class Meeting',\n\tevent: {\n\t\ttype: EventType.USER,\n\t},\n\ttimeout_duration: '-15',\n\ttimestart_hour: 6,\n\ttimestart_minute: 0,\n};\nawait createEventTemplate(data, assertRepeatTimes(1));",
              "err": {},
              "uuid": "f5ec4088-5df9-48d3-9c08-a27999df16fc",
              "parentUUID": "04a69645-be3e-46eb-9d8f-53ba93182eea",
              "isHook": false,
              "skipped": true
            },
            {
              "title": "TC-004-017: Create user event with Non-pure-numeric duration",
              "fullTitle": "chrome: Teacher create a new event TC-004-017: Create user event with Non-pure-numeric duration",
              "timedOut": false,
              "duration": 0,
              "state": null,
              "speed": null,
              "pass": false,
              "fail": false,
              "pending": false,
              "context": null,
              "code": "const data = {\n\tevent_title: 'Class Meeting',\n\tevent: {\n\t\ttype: EventType.USER,\n\t},\n\ttimeout_duration: '6 0',\n\ttimestart_hour: 6,\n\ttimestart_minute: 0,\n};\nawait createEventTemplate(data, assertDuration(7));",
              "err": {},
              "uuid": "230105ed-b424-44e7-b4ed-f4678aa00fd7",
              "parentUUID": "04a69645-be3e-46eb-9d8f-53ba93182eea",
              "isHook": false,
              "skipped": true
            }
          ],
          "suites": [],
          "passes": [],
          "failures": [
            "d04d97af-4db5-43d8-8206-1881cd9378ea"
          ],
          "pending": [],
          "skipped": [
            "9244eb38-2d11-4b46-b28e-a1ff1d43c5ee",
            "deac4925-ee4c-4c0e-a539-86ee4a5b488d",
            "9ef93343-d71c-411f-9717-4d0938f314b5",
            "19c39ed9-ba8d-4575-80e0-be28df4fdd5f",
            "eb8b4d02-e9be-4dfb-a34e-bc84f6b394b6",
            "14f90f74-3b1a-4d35-86c1-7f0c2110e629",
            "62d1fa8b-703b-4f4d-94be-2bf2bb02c01d",
            "b4b49f9f-e502-4f76-81a4-78b49265e2db",
            "ec282537-7933-4630-a776-81164a27959f",
            "e89c2755-3baf-4674-b9c5-92871f4e0612",
            "1baa6468-c2a4-48d8-8239-f7022fcd9f54",
            "f962f29c-dc3d-4dc0-9759-7d2c40eb4609",
            "46021eb3-5a0d-46ba-a65c-5f0641f24a3e",
            "63e98200-79b5-4447-b764-5226aab5ceaf",
            "f5ec4088-5df9-48d3-9c08-a27999df16fc",
            "230105ed-b424-44e7-b4ed-f4678aa00fd7"
          ],
          "duration": 4015,
          "root": false,
          "rootEmpty": false,
          "_timeout": 0
        }
      ],
      "passes": [],
      "failures": [],
      "pending": [],
      "skipped": [],
      "duration": 0,
      "root": true,
      "rootEmpty": true,
      "_timeout": 0
    }
  ],
  "meta": {
    "mocha": {
      "version": "10.2.0"
    },
    "mochawesome": {
      "options": {
        "quiet": false,
        "reportFilename": "mochawesome",
        "saveHtml": true,
        "saveJson": true,
        "consoleReporter": "spec",
        "useInlineDiffs": false,
        "code": true
      },
      "version": "7.1.3"
    },
    "marge": {
      "options": null,
      "version": "6.2.0"
    }
  }
}